<?xml version="1.0" encoding="UTF-8"?>
<!-- Generated by org.testng.reporters.JUnitReportReporter -->
<testsuite hostname="LAPTOP-GAUPM6CM" failures="0" tests="1" name="testscripts.ValidateLoginPOMHybrid" time="20.082" errors="0" timestamp="2023-12-28T11:46:33 IST" skipped="0">
  <testcase classname="testscripts.ValidateLoginPOMHybrid" name="validateLoginTest" time="20.082"/>
</testsuite> <!-- testscripts.ValidateLoginPOMHybrid -->
