<?xml version="1.0" encoding="UTF-8"?>
<!-- Generated by org.testng.reporters.JUnitReportReporter -->
<testsuite hostname="LAPTOP-GAUPM6CM" failures="0" tests="4" name="testscripts.ValidateLoginUsingDataProviderExcel" time="51.747" errors="0" timestamp="2023-12-26T11:38:51 IST" skipped="0">
  <testcase classname="testscripts.ValidateLoginUsingDataProviderExcel" name="validateLoginTest1" time="9.152"/>
  <testcase classname="testscripts.ValidateLoginUsingDataProviderExcel" name="validateLoginTest1" time="16.310"/>
  <testcase classname="testscripts.ValidateLoginUsingDataProviderExcel" name="validateLoginTest1" time="15.492"/>
  <testcase classname="testscripts.ValidateLoginUsingDataProviderExcel" name="validateLoginTest1" time="10.793"/>
</testsuite> <!-- testscripts.ValidateLoginUsingDataProviderExcel -->
