<?xml version="1.0" encoding="UTF-8"?>
<!-- Generated by org.testng.reporters.JUnitReportReporter -->
<testsuite hostname="LAPTOP-GAUPM6CM" failures="0" tests="1" name="testscripts.ValidateLoginKeywords" time="17.165" errors="0" timestamp="2023-12-27T12:04:04 IST" skipped="0">
  <testcase classname="testscripts.ValidateLoginKeywords" name="validateLoginTest" time="17.165"/>
</testsuite> <!-- testscripts.ValidateLoginKeywords -->
