<?xml version="1.0" encoding="UTF-8"?>
<!-- Generated by org.testng.reporters.JUnitReportReporter -->
<testsuite hostname="LAPTOP-GAUPM6CM" failures="0" tests="1" name="testscripts.ValidateRegistration" time="15.750" errors="0" timestamp="2023-12-28T11:17:19 IST" skipped="0">
  <testcase classname="testscripts.ValidateRegistration" name="validateRegistrationTest" time="15.750"/>
</testsuite> <!-- testscripts.ValidateRegistration -->
