<?xml version="1.0" encoding="UTF-8"?>
<!-- Generated by org.testng.reporters.JUnitReportReporter -->
<testsuite hostname="LAPTOP-GAUPM6CM" failures="0" tests="1" name="testscripts.ValidateLoginUsingUtils" time="13.913" errors="0" timestamp="2023-12-27T11:29:08 IST" skipped="0">
  <testcase classname="testscripts.ValidateLoginUsingUtils" name="validateLoginTest" time="13.913"/>
</testsuite> <!-- testscripts.ValidateLoginUsingUtils -->
