<?xml version="1.0" encoding="UTF-8"?>
<!-- Generated by org.testng.reporters.JUnitReportReporter -->
<testsuite hostname="LAPTOP-GAUPM6CM" failures="0" tests="4" name="testscripts.ValidateLogin" time="34.806" errors="0" timestamp="2023-12-26T11:11:09 IST" skipped="0">
  <testcase classname="testscripts.ValidateLogin" name="validateLoginTest1" time="12.858"/>
  <testcase classname="testscripts.ValidateLogin" name="validateLoginTest2" time="6.692"/>
  <testcase classname="testscripts.ValidateLogin" name="validateLoginTest4" time="7.748"/>
  <testcase classname="testscripts.ValidateLogin" name="validateLoginTest3" time="7.508"/>
</testsuite> <!-- testscripts.ValidateLogin -->
