<?xml version="1.0" encoding="UTF-8"?>
<!-- Generated by org.testng.reporters.JUnitReportReporter -->
<testsuite hostname="LAPTOP-GAUPM6CM" failures="0" tests="1" name="dec22nd.BaseTest" time="30.255" errors="0" timestamp="2023-12-22T10:56:27 IST" skipped="0">
  <testcase classname="dec22nd.BaseTest" name="loginTest" time="30.255"/>
</testsuite> <!-- dec22nd.BaseTest -->
