<?xml version="1.0" encoding="UTF-8"?>
<!-- Generated by org.testng.reporters.JUnitReportReporter -->
<testsuite hostname="LAPTOP-GAUPM6CM" failures="0" tests="4" name="testscripts.ValidateLoginUsingDataProvider" time="41.109" errors="0" timestamp="2023-12-26T11:22:27 IST" skipped="0">
  <testcase classname="testscripts.ValidateLoginUsingDataProvider" name="validateLoginTest1" time="8.911"/>
  <testcase classname="testscripts.ValidateLoginUsingDataProvider" name="validateLoginTest1" time="7.231"/>
  <testcase classname="testscripts.ValidateLoginUsingDataProvider" name="validateLoginTest1" time="9.596"/>
  <testcase classname="testscripts.ValidateLoginUsingDataProvider" name="validateLoginTest1" time="15.371"/>
</testsuite> <!-- testscripts.ValidateLoginUsingDataProvider -->
