<?xml version="1.0" encoding="UTF-8"?>
<!-- Generated by org.testng.reporters.JUnitReportReporter -->
<testsuite hostname="LAPTOP-GAUPM6CM" failures="0" tests="1" name="testscripts.ValidateLoginPOM" time="21.316" errors="0" timestamp="2023-12-28T11:43:51 IST" skipped="0">
  <testcase classname="testscripts.ValidateLoginPOM" name="validateLoginTest" time="21.316"/>
</testsuite> <!-- testscripts.ValidateLoginPOM -->
