<?xml version="1.0" encoding="UTF-8"?>
<!-- Generated by org.testng.reporters.JUnitReportReporter -->
<testsuite hostname="LAPTOP-GAUPM6CM" failures="0" tests="1" name="testscripts.TC104" time="14.048" errors="0" timestamp="2024-01-04T11:11:55 IST" skipped="0">
  <testcase classname="testscripts.TC104" name="tc104" time="14.048"/>
</testsuite> <!-- testscripts.TC104 -->
