<?xml version="1.0" encoding="UTF-8"?>
<!-- Generated by org.testng.reporters.JUnitReportReporter -->
<testsuite hostname="LAPTOP-GAUPM6CM" failures="0" tests="1" name="testscripts.ValidateLoginHybrid" time="17.929" errors="0" timestamp="2023-12-28T11:17:19 IST" skipped="0">
  <testcase classname="testscripts.ValidateLoginHybrid" name="validateLoginTest" time="17.929"/>
</testsuite> <!-- testscripts.ValidateLoginHybrid -->
